
> dev
> tsx watch src/server.ts

Zhangshao menu API listening on http://localhost:3001
šłčŚćą12:54:30 [tsx] change in ./src\sample-data.ts Restarting...
cZhangshao menu API listening on http://localhost:3001
šłčŚćą12:56:10 [tsx] change in ./src\server.ts Restarting...
cZhangshao menu API listening on http://localhost:3001
šłčŚćą12:57:39 [tsx] change in ./src\sample-data.ts Restarting...
cZhangshao menu API listening on http://localhost:3001
šłčŚćą1:43:09 [tsx] change in ./src\sample-data.ts Restarting...
cZhangshao menu API listening on http://localhost:3001
šłčŚćą2:18:32 [tsx] change in ./src\sample-data.ts Restarting...
cZhangshao menu API listening on http://localhost:3001
šłčŚćą2:30:42 [tsx] change in ./src\sample-data.ts Restarting...
cZhangshao menu API listening on http://localhost:3001
šłčŚćą2:48:53 [tsx] change in ./src\sample-data.ts Restarting...
cZhangshao menu API listening on http://localhost:3001
šłčŚćą4:26:41 [tsx] change in ./src\sample-data.ts Restarting...
cZhangshao menu API listening on http://localhost:3001
šłčŚćą5:02:50 [tsx] unlink in ./src\db-init.ts Restarting...
cšłčŚćą5:04:05 [tsx] change in ./src\db-init.ts Rerunning...
cZhangshao menu API listening on http://localhost:3001
šłčŚćą5:05:09 [tsx] change in ./src\server.ts Restarting...
cZhangshao menu API listening on http://localhost:3001
šłčŚćą5:05:44 [tsx] change in ./src\server.ts Restarting...
cZhangshao menu API listening on http://localhost:3001
šłčŚćą5:06:07 [tsx] change in ./src\server.ts Restarting...
cZhangshao menu API listening on http://localhost:3001
šłčŚćą5:06:42 [tsx] change in ./src\server.ts Restarting...
cZhangshao menu API listening on http://localhost:3001
šłčŚćą5:06:59 [tsx] change in ./src\server.ts Restarting...
cZhangshao menu API listening on http://localhost:3001
šłčŚćą5:07:37 [tsx] change in ./src\server.ts Restarting...
cZhangshao menu API listening on http://localhost:3001
šłčŚćą5:07:52 [tsx] change in ./src\server.ts Restarting...
cZhangshao menu API listening on http://localhost:3001
šłčŚćą5:08:08 [tsx] change in ./src\server.ts Restarting...
cZhangshao menu API listening on http://localhost:3001
šłčŚćą5:10:03 [tsx] change in ./src\server.ts Restarting...
cZhangshao menu API listening on http://localhost:3001
šłčŚćą5:10:24 [tsx] change in ./src\server.ts Restarting...
cšłčŚćą5:11:54 [tsx] unlink in ./..\node_modules\.prisma\client\default.js Rerunning...
cZhangshao menu API listening on http://localhost:3001
šłčŚćą5:12:38 [tsx] change in ./src\server.ts Restarting...
cZhangshao menu API listening on http://localhost:3001
šłčŚćą5:26:23 [tsx] change in ./src\server.ts Restarting...
cZhangshao menu API listening on http://localhost:3001
