
> dev:h5
> uni --host 0.0.0.0 --port 5180

Please note that in running mode, due to log output, sourcemap, and uncompressed source code, the performance and package size are not as good as release mode.
Vite is compiled on demand, and clicking on an uncompiled page at runtime will compile first and then load, resulting in a slower display, and there is no such problem after release.
Compiler version: 5.12（vue3）
Compiling...
[36m
  vite v5.2.8[39m[32m dev server running at:
[39m
  [32m➜[39m  [1mLocal[22m:   [36mhttp://localhost:[1m5180[22m/[39m
  [32m➜[39m  [1mNetwork[22m: [36mhttp://198.18.0.1:[1m5180[22m/[39m
  [32m➜[39m  [1mNetwork[22m: [36mhttp://26.74.77.246:[1m5180[22m/[39m
  [32m➜[39m  [1mNetwork[22m: [36mhttp://192.168.3.36:[1m5180[22m/[39m
  [32m➜[39m  [1mNetwork[22m: [36mhttp://172.22.192.1:[1m5180[22m/[39m
  [32m➜[39m  [1mNetwork[22m: [36mhttp://172.22.96.1:[1m5180[22m/[39m

  [36mready in 7424ms.[39m

[2m下午5:28:50[22m [36m[1m[vite][22m[39m [32mhmr update [39m[2m/src/components/DishCard.vue, /src/components/DishListItem.vue[22m
[2m下午5:28:50[22m [36m[1m[vite][22m[39m [32mhmr update [39m[2m/src/components/DishCard.vue, /src/components/DishListItem.vue[22m
[2m下午5:29:11[22m [36m[1m[vite][22m[39m [32mhmr update [39m[2m/src/App.vue, /src/pages/login/index.vue, /src/pages/home/index.vue, /src/pages/dishes/index.vue[22m
[2m下午5:30:04[22m [36m[1m[vite][22m[39m [32mhmr update [39m[2m/src/App.vue, /src/pages/login/index.vue, /src/pages/home/index.vue, /src/pages/dishes/index.vue[22m
[2m下午5:30:50[22m [36m[1m[vite][22m[39m [32mhmr update [39m[2m/src/components/DishListItem.vue, /src/components/DishListItem.vue?vue&type=style&index=0&scoped=046220b1&lang.scss[22m
[2m下午5:31:22[22m [36m[1m[vite][22m[39m [32mhmr update [39m[2m/src/pages/dishes/index.vue, /src/pages/dishes/index.vue?vue&type=style&index=0&scoped=9f184864&lang.scss[22m
[2m下午6:13:09[22m [36m[1m[vite][22m[39m [32mhmr update [39m[2m/src/components/DishCard.vue, /src/components/DishListItem.vue[22m
[2m下午6:17:02[22m [36m[1m[vite][22m[39m [32mhmr update [39m[2m/src/App.vue, /src/pages/login/index.vue, /src/pages/home/index.vue, /src/pages/dishes/index.vue[22m
[2m下午6:17:31[22m [36m[1m[vite][22m[39m [32mhmr update [39m[2m/src/pages/login/index.vue, /src/pages/login/index.vue?vue&type=style&index=0&scoped=45258083&lang.scss[22m
[2m下午6:17:46[22m [36m[1m[vite][22m[39m [32mhmr update [39m[2m/src/pages/home/index.vue[22m
[2m下午6:18:07[22m [36m[1m[vite][22m[39m [32mhmr update [39m[2m/src/pages/dishes/index.vue, /src/pages/dishes/index.vue?vue&type=style&index=0&scoped=9f184864&lang.scss[22m
[2m下午6:21:37[22m [36m[1m[vite][22m[39m [32mhmr update [39m[2m/src/App.vue, /src/pages/login/index.vue, /src/pages/home/index.vue, /src/pages/dishes/index.vue[22m
[2m下午6:33:23[22m [36m[1m[vite][22m[39m [32mpage reload [39m[2mindex.html[22m
[2m下午6:33:23[22m [36m[1m[vite][22m[39m [32mpage reload [39m[2mindex.html[22m
[2m下午6:43:10[22m [36m[1m[vite][22m[39m [32mhmr update [39m[2m/src/App.vue, /src/pages/login/index.vue, /src/pages/home/index.vue, /src/pages/dishes/index.vue[22m
